<?xml version="1.0" encoding="UTF-8"?>
<!-- Generated by org.testng.reporters.JUnitReportReporter -->
<testsuite hostname="MSI" failures="0" tests="2" name="extentreport.peserta.tests.LoginTest" time="5.977" errors="0" timestamp="2026-06-04T19:31:14 ICT" skipped="0">
  <testcase classname="extentreport.peserta.tests.LoginTest" name="testNegativeLogin" time="3.627"/>
  <testcase classname="extentreport.peserta.tests.LoginTest" name="testPositiveLogin" time="2.350"/>
</testsuite> <!-- extentreport.peserta.tests.LoginTest -->
