<?xml version="1.0" encoding="UTF-8"?>
<!-- Generated by org.testng.reporters.JUnitReportReporter -->
<testsuite hostname="MSI" failures="0" tests="2" name="extentreport.peserta.tests.SortTest" time="4.628" errors="0" timestamp="2026-06-04T19:31:14 ICT" skipped="0">
  <testcase classname="extentreport.peserta.tests.SortTest" name="testSortPriceLowToHigh" time="2.317"/>
  <testcase classname="extentreport.peserta.tests.SortTest" name="testSortNameZtoA" time="2.311"/>
</testsuite> <!-- extentreport.peserta.tests.SortTest -->
